<?xml version="1.0" encoding="UTF-8"?>
<!-- Generated by org.testng.reporters.JUnitReportReporter -->
<testsuite hostname="DESKTOP-OSQIEQ3" name="com.crm.qa.testcases.LoginTest" tests="3" failures="0" timestamp="31 Jan 2020 09:54:39 GMT" time="88.616" errors="0">
  <testcase name="loginPage" time="34.739" classname="com.crm.qa.testcases.LoginTest"/>
  <testcase name="crmLogoImageTest" time="27.536" classname="com.crm.qa.testcases.LoginTest"/>
  <testcase name="publicPageTitleTest" time="26.341" classname="com.crm.qa.testcases.LoginTest"/>
</testsuite> <!-- com.crm.qa.testcases.LoginTest -->
